
{"USERID":"RamboatRamboatRamboat16","SCORE":2226,"ICON":3,"MAXSCORE":2226}---
{"USERID":"f49ff36ac64b","SCORE":2652,"MAXSCORE":2652}---
{"USERID":"e0191dc4ab38","SCORE":4996,"MAXSCORE":4996}---
{"USERID":"7c1dd9770169","SCORE":3407,"MAXSCORE":3407}---
{"USERID":"7c1dd9770169","SCORE":6588,"ICON":3,"MAXSCORE":6588}---
{"USERID":"7c1dd9770169","SCORE":7719,"ICON":3,"MAXSCORE":7719}---
{"USERID":"RamboatRamboatRamboat20","SCORE":2112,"ICON":3,"MAXSCORE":2112}---
{"USERID":"e0191dc4ab38","LASTLOGINDAY":2}---
{"USERID":"e0191dc4ab38","SCORE":3632,"ICON":3}---
{"USERID":"38bc1a2269d8","LASTLOGINDAY":2}---
{"USERID":"18dc56f06d80","LASTLOGINDAY":2}---
{"USERID":"18dc56f06d80","SCORE":508,"MAXSCORE":508}---
{"USERID":"e0191dc4ab38","SCORE":5634,"ICON":3,"MAXSCORE":5634}---
{"USERID":"60e701381b5c","LASTLOGINDAY":2}---
{"USERID":"60e701381b5c","SCORE":5397,"MAXSCORE":5397}---
{"USERID":"7c1dd9770169","LASTLOGINDAY":2}---
{"USERID":"7c1dd9770169","SCORE":5948,"ICON":3}---
{"USERID":"7c1dd9770169","SCORE":7424,"ICON":3}---
{"USERID":"7c1dd9770169","SCORE":7969,"ICON":3,"MAXSCORE":7969}---
{"USERID":"7c1dd9770169","SCORE":16491,"ICON":3,"MAXSCORE":16491}---
{"USERID":"d07ab5a8a776","LASTLOGINDAY":2}---
{"USERID":"d07ab5a8a776","SCORE":4702,"MAXSCORE":4702}---
{"USERID":"d07ab5a8a776","SCORE":18794,"MAXSCORE":18794}---
{"USERID":"bc3aea9702c8","SCORE":18398,"ICON":3,"MAXSCORE":18398}---
{"USERID":"d07ab5a8a776","SCORE":19683,"MAXSCORE":19683}---
{"USERID":"d07ab5a8a776","SCORE":21610,"MAXSCORE":21610}---
{"USERID":"bc3aea9702c8","SCORE":44203,"ICON":3,"MAXSCORE":44203}---
{"USERID":"d07ab5a8a776","SCORE":25320,"ICON":3,"MAXSCORE":25320}---
{"USERID":"bc3aea9702c8","SCORE":45999,"ICON":3,"MAXSCORE":45999}---
{"USERID":"38bc1ac71a04","SCORE":6493,"MAXSCORE":6493}---
{"USERID":"38bc1ac71a04","SCORE":12634,"MAXSCORE":12634}---
{"USERID":"38bc1ac71a04","SCORE":13183,"MAXSCORE":13183}---
{"USERID":"38bc1ac71a04","SCORE":22227,"MAXSCORE":22227}---
{"USERID":"38bc1ac71a04","SCORE":32277,"MAXSCORE":32277}---
{"USERID":"38bc1ac71a04","SCORE":45125,"MAXSCORE":45125}---
{"USERID":"38bc1ac71a04","SCORE":73647,"MAXSCORE":73647}---
{"USERID":"bc3aea9702c8","SCORE":75552,"ICON":1,"MAXSCORE":75552}---
{"USERID":"bc3aea9702c8","SCORE":90752,"ICON":1,"MAXSCORE":90752}---
{"USERID":"bc3aea9702c8","SCORE":99180,"ICON":1,"MAXSCORE":99180}---
{"USERID":"d07ab5a8a776","SCORE":30016,"ICON":3,"MAXSCORE":30016}---
{"USERID":"bc3aea9702c8","SCORE":135209,"ICON":1,"MAXSCORE":135209}---
{"USERID":"d07ab5a8a776","SCORE":32779,"ICON":3,"MAXSCORE":32779}---
{"USERID":"bc3aea9702c8","SCORE":137357,"ICON":1,"MAXSCORE":137357}---
{"USERID":"bc3aea9702c8","SCORE":207195,"ICON":1,"MAXSCORE":207195}---
{"USERID":"bc3aea9702c8","LASTLOGINDAY":3}---
{"USERID":"bc3aea9702c8","SCORE":206773,"ICON":1}---
{"USERID":"e0191dc4ab38","LASTLOGINDAY":3}---
{"USERID":"e0191dc4ab38","SCORE":789}---
{"USERID":"18dc56f06d80","LASTLOGINDAY":3}---
{"USERID":"18dc56f06d80","SCORE":499}---
{"USERID":"18dc56f06d80","SCORE":835,"MAXSCORE":835}---
{"USERID":"7c1dd9770169","LASTLOGINDAY":3}---
{"USERID":"d07ab5a8a776","LASTLOGINDAY":3}---
{"USERID":"e0191dc4ab38","SCORE":2582}---
{"USERID":"e0191dc4ab38","SCORE":20268,"MAXSCORE":20268}---
{"USERID":"e0191dc4ab38","SCORE":21186,"MAXSCORE":21186}---
{"USERID":"e0191dc4ab38","SCORE":23340,"MAXSCORE":23340}---
{"USERID":"18dc56f06d80","SCORE":466}---
{"USERID":"bc3aea9702c8","SCORE":221814,"ICON":1,"MAXSCORE":221814}---
